<?xml version="1.0" encoding="UTF-8"?>
<!-- Generated by org.testng.reporters.JUnitReportReporter -->
<testsuite hostname="LTIN259847" failures="0" tests="1" name="TestCase.Tc_3HealthInsuranceRunner" time="2.168" errors="0" timestamp="2024-03-04T22:16:35 IST" skipped="0">
  <testcase classname="TestCase.Tc_3HealthInsuranceRunner" name="healthInsurance" time="2.168"/>
</testsuite> <!-- TestCase.Tc_3HealthInsuranceRunner -->
