<?xml version="1.0" encoding="UTF-8"?>
<!-- Generated by org.testng.reporters.JUnitReportReporter -->
<testsuite hostname="LTIN259847" failures="0" tests="1" name="TestCase.TravelInusranceRunner" time="31.348" errors="0" timestamp="2024-02-25T17:23:53 IST" skipped="0">
  <testcase classname="TestCase.TravelInusranceRunner" name="test1" time="31.348"/>
</testsuite> <!-- TestCase.TravelInusranceRunner -->
