<?xml version="1.0" encoding="UTF-8"?>
<!-- Generated by org.testng.reporters.JUnitReportReporter -->
<testsuite hostname="LTIN259847" failures="0" tests="1" name="TestCase.Tc_2CarInsuranceRunner" time="13.045" errors="0" timestamp="2024-03-04T22:16:35 IST" skipped="0">
  <testcase classname="TestCase.Tc_2CarInsuranceRunner" name="carInsurance" time="13.045"/>
</testsuite> <!-- TestCase.Tc_2CarInsuranceRunner -->
