<?xml version="1.0" encoding="UTF-8"?>
<!-- Generated by org.testng.reporters.JUnitReportReporter -->
<testsuite hostname="LTIN259847" failures="0" tests="1" name="TestCase.Tc_3HealthInsuranceRunner" time="2.494" errors="0" timestamp="2024-03-25T11:02:01 IST" skipped="0">
  <testcase classname="TestCase.Tc_3HealthInsuranceRunner" name="healthInsurance" time="2.494"/>
</testsuite> <!-- TestCase.Tc_3HealthInsuranceRunner -->
