<?xml version="1.0" encoding="UTF-8"?>
<!-- Generated by org.testng.reporters.JUnitReportReporter -->
<testsuite hostname="LTIN259847" failures="0" tests="1" name="TestCase.Tc_1TravelInsuranceRunner" time="40.925" errors="0" timestamp="2024-03-04T22:16:35 IST" skipped="0">
  <testcase classname="TestCase.Tc_1TravelInsuranceRunner" name="travelInsurance" time="40.925"/>
</testsuite> <!-- TestCase.Tc_1TravelInsuranceRunner -->
