<?xml version="1.0" encoding="UTF-8"?>
<!-- Generated by org.testng.reporters.JUnitReportReporter -->
<testsuite hostname="LTIN259847" failures="0" tests="1" name="TestCase.Tc_1TravelInsuranceRunner" time="45.400" errors="0" timestamp="2024-03-25T14:44:39 IST" skipped="0">
  <testcase classname="TestCase.Tc_1TravelInsuranceRunner" name="travelInsurance" time="45.400"/>
</testsuite> <!-- TestCase.Tc_1TravelInsuranceRunner -->
