<?xml version="1.0" encoding="UTF-8"?>
<!-- Generated by org.testng.reporters.JUnitReportReporter -->
<testsuite hostname="LTIN259847" failures="0" tests="1" name="TestCase.Tc_2CarInsuranceRunner" time="28.380" errors="0" timestamp="2024-03-25T14:44:39 IST" skipped="0">
  <testcase classname="TestCase.Tc_2CarInsuranceRunner" name="carInsurance" time="28.380"/>
</testsuite> <!-- TestCase.Tc_2CarInsuranceRunner -->
